Failed to add CH101 due to  {'course_page_link': ['This field cannot be blank.']}
Failed to add EE101 due to  {'course_page_link': ['This field cannot be blank.']}
Failed to add MA101 due to  {'course_page_link': ['This field cannot be blank.']}
Failed to add PH101 due to  {'course_page_link': ['This field cannot be blank.']}
Failed to add CH110 due to  {'course_page_link': ['This field cannot be blank.']}
Failed to add ME110-sem1 due to  {'course_page_link': ['This field cannot be blank.']}
Failed to add PH110-sem1 due to  {'course_page_link': ['This field cannot be blank.']}
Failed to add ME111 due to  {'course_page_link': ['This field cannot be blank.']}
Failed to add HS101 due to  {'course_page_link': ['This field cannot be blank.']}
Failed to add SAPREP due to  {'course_page_link': ['This field cannot be blank.']}
Failed to add MA102 due to  {'course_page_link': ['This field cannot be blank.']}
Failed to add BT101 due to  {'course_page_link': ['This field cannot be blank.']}
Failed to add CS101 due to  {'course_page_link': ['This field cannot be blank.']}
Failed to add CS110 due to  {'course_page_link': ['This field cannot be blank.']}
Failed to add ME101 due to  {'course_page_link': ['This field cannot be blank.']}
Failed to add PH102 due to  {'course_page_link': ['This field cannot be blank.']}
Failed to add ME110-sem2 due to  {'course_page_link': ['This field cannot be blank.']}
Failed to add PH110-sem2 due to  {'course_page_link': ['This field cannot be blank.']}
Failed to add EE102 due to  {'course_page_link': ['This field cannot be blank.']}
Failed to add SA101 due to  {'course_page_link': ['This field cannot be blank.']}
Failed to add MA201 due to  {'course_page_link': ['This field cannot be blank.']}
Failed to add ME211 due to  {'course_page_link': ['This field cannot be blank.']}
Failed to add ME212 due to  {'course_page_link': ['This field cannot be blank.']}
Failed to add ME213 due to  {'course_page_link': ['This field cannot be blank.']}
Failed to add ME214 due to  {'course_page_link': ['This field cannot be blank.']}
Failed to add ME215 due to  {'course_page_link': ['This field cannot be blank.']}
Failed to add ME216 due to  {'course_page_link': ['This field cannot be blank.']}
Failed to add SA201 due to  {'course_page_link': ['This field cannot be blank.']}
Failed to add ME221 due to  {'course_page_link': ['This field cannot be blank.']}
Failed to add ME222 due to  {'course_page_link': ['This field cannot be blank.']}
Failed to add ME223 due to  {'course_page_link': ['This field cannot be blank.']}
Failed to add ME224 due to  {'course_page_link': ['This field cannot be blank.']}
Failed to add HS1xx1 due to  {'course_page_link': ['This field cannot be blank.']}
Failed to add ME225 due to  {'course_page_link': ['This field cannot be blank.']}
Failed to add ME226 due to  {'course_page_link': ['This field cannot be blank.']}
Failed to add SA202 due to  {'course_page_link': ['This field cannot be blank.']}
Failed to add ME311 due to  {'course_page_link': ['This field cannot be blank.']}
Failed to add ME312 due to  {'course_page_link': ['This field cannot be blank.']}
Failed to add ME313 due to  {'course_page_link': ['This field cannot be blank.']}
Failed to add ME314 due to  {'course_page_link': ['This field cannot be blank.']}
Failed to add EE380 due to  {'course_page_link': ['This field cannot be blank.']}
Failed to add HS 1xx2 due to  {'slug': ["Enter a valid 'slug' consisting of Unicode letters, numbers, underscores, or hyphens."], 'course_page_link': ['This field cannot be blank.']}
Failed to add ME315 due to  {'course_page_link': ['This field cannot be blank.']}
Failed to add ME398 due to  {'course_page_link': ['This field cannot be blank.']}
Failed to add ME321 due to  {'course_page_link': ['This field cannot be blank.']}
Failed to add ME322 due to  {'course_page_link': ['This field cannot be blank.']}
Failed to add ME323 due to  {'course_page_link': ['This field cannot be blank.']}
Failed to add ME324 due to  {'course_page_link': ['This field cannot be blank.']}
Failed to add ME325 due to  {'course_page_link': ['This field cannot be blank.']}
Failed to add ME326 due to  {'course_page_link': ['This field cannot be blank.']}
Failed to add MEXXX1 due to  {'course_page_link': ['This field cannot be blank.']}
Failed to add ME399 due to  {'course_page_link': ['This field cannot be blank.']}
Failed to add HS2XX-2 due to  {'course_page_link': ['This field cannot be blank.']}
Failed to add EOXXX1 due to  {'course_type': ["Value '5' is not a valid choice."], 'course_page_link': ['This field cannot be blank.']}
Failed to add SOXXX1 due to  {'course_type': ["Value '5' is not a valid choice."], 'course_page_link': ['This field cannot be blank.']}
Failed to add MEXXX2 due to  {'course_page_link': ['This field cannot be blank.']}
Failed to add MEXXX3 due to  {'course_page_link': ['This field cannot be blank.']}
Failed to add ME498 due to  {'course_page_link': ['This field cannot be blank.']}
Failed to add ME401 due to  {'course_page_link': ['This field cannot be blank.']}
Failed to add HS2XX due to  {'course_page_link': ['This field cannot be blank.']}
Failed to add EOXXX2 due to  {'course_type': ["Value '5' is not a valid choice."], 'course_page_link': ['This field cannot be blank.']}
Failed to add SOXXX2 due to  {'course_type': ["Value '5' is not a valid choice."], 'course_page_link': ['This field cannot be blank.']}
Failed to add MEXXX4 due to  {'course_page_link': ['This field cannot be blank.']}
Failed to add ME499 due to  {'course_page_link': ['This field cannot be blank.']}
Failed to add CH101 due to  {'course_page_link': ['This field cannot be blank.']}
Failed to add EE101 due to  {'course_page_link': ['This field cannot be blank.']}
Failed to add MA101 due to  {'course_page_link': ['This field cannot be blank.']}
Failed to add PH101 due to  {'course_page_link': ['This field cannot be blank.']}
Failed to add CH110 due to  {'course_page_link': ['This field cannot be blank.']}
Failed to add ME110-sem1 due to  {'course_page_link': ['This field cannot be blank.']}
Failed to add PH110-sem1 due to  {'course_page_link': ['This field cannot be blank.']}
Failed to add ME111 due to  {'course_page_link': ['This field cannot be blank.']}
Failed to add HS101 due to  {'course_page_link': ['This field cannot be blank.']}
Failed to add SAPREP due to  {'course_page_link': ['This field cannot be blank.']}
Failed to add MA102 due to  {'course_page_link': ['This field cannot be blank.']}
Failed to add BT101 due to  {'course_page_link': ['This field cannot be blank.']}
Failed to add CS101 due to  {'course_page_link': ['This field cannot be blank.']}
Failed to add CS110 due to  {'course_page_link': ['This field cannot be blank.']}
Failed to add ME101 due to  {'course_page_link': ['This field cannot be blank.']}
Failed to add PH102 due to  {'course_page_link': ['This field cannot be blank.']}
Failed to add ME110-sem2 due to  {'course_page_link': ['This field cannot be blank.']}
Failed to add PH110-sem2 due to  {'course_page_link': ['This field cannot be blank.']}
Failed to add EE102 due to  {'course_page_link': ['This field cannot be blank.']}
Failed to add SA101 due to  {'course_page_link': ['This field cannot be blank.']}
Failed to add MA201 due to  {'course_page_link': ['This field cannot be blank.']}
Failed to add ME211 due to  {'course_page_link': ['This field cannot be blank.']}
Failed to add ME212 due to  {'course_page_link': ['This field cannot be blank.']}
Failed to add ME213 due to  {'course_page_link': ['This field cannot be blank.']}
Failed to add ME214 due to  {'course_page_link': ['This field cannot be blank.']}
Failed to add ME215 due to  {'course_page_link': ['This field cannot be blank.']}
Failed to add ME216 due to  {'course_page_link': ['This field cannot be blank.']}
Failed to add SA201 due to  {'course_page_link': ['This field cannot be blank.']}
Failed to add ME221 due to  {'course_page_link': ['This field cannot be blank.']}
Failed to add ME222 due to  {'course_page_link': ['This field cannot be blank.']}
Failed to add ME223 due to  {'course_page_link': ['This field cannot be blank.']}
Failed to add ME224 due to  {'course_page_link': ['This field cannot be blank.']}
Failed to add HS1xx1 due to  {'course_page_link': ['This field cannot be blank.']}
Failed to add ME225 due to  {'course_page_link': ['This field cannot be blank.']}
Failed to add ME226 due to  {'course_page_link': ['This field cannot be blank.']}
Failed to add SA202 due to  {'course_page_link': ['This field cannot be blank.']}
Failed to add ME311 due to  {'course_page_link': ['This field cannot be blank.']}
Failed to add ME312 due to  {'course_page_link': ['This field cannot be blank.']}
Failed to add ME313 due to  {'course_page_link': ['This field cannot be blank.']}
Failed to add ME314 due to  {'course_page_link': ['This field cannot be blank.']}
Failed to add EE380 due to  {'course_page_link': ['This field cannot be blank.']}
Failed to add HS 1xx2 due to  {'slug': ["Enter a valid 'slug' consisting of Unicode letters, numbers, underscores, or hyphens."], 'course_page_link': ['This field cannot be blank.']}
Failed to add ME315 due to  {'course_page_link': ['This field cannot be blank.']}
Failed to add ME398 due to  {'course_page_link': ['This field cannot be blank.']}
Failed to add ME321 due to  {'course_page_link': ['This field cannot be blank.']}
Failed to add ME322 due to  {'course_page_link': ['This field cannot be blank.']}
Failed to add ME323 due to  {'course_page_link': ['This field cannot be blank.']}
Failed to add ME324 due to  {'course_page_link': ['This field cannot be blank.']}
Failed to add ME325 due to  {'course_page_link': ['This field cannot be blank.']}
Failed to add ME326 due to  {'course_page_link': ['This field cannot be blank.']}
Failed to add MEXXX1 due to  {'course_page_link': ['This field cannot be blank.']}
Failed to add ME399 due to  {'course_page_link': ['This field cannot be blank.']}
Failed to add HS2XX-2 due to  {'course_page_link': ['This field cannot be blank.']}
Failed to add EOXXX1 due to  {'course_type': ["Value '5' is not a valid choice."], 'course_page_link': ['This field cannot be blank.']}
Failed to add SOXXX1 due to  {'course_type': ["Value '5' is not a valid choice."], 'course_page_link': ['This field cannot be blank.']}
Failed to add MEXXX2 due to  {'course_page_link': ['This field cannot be blank.']}
Failed to add MEXXX3 due to  {'course_page_link': ['This field cannot be blank.']}
Failed to add ME498 due to  {'course_page_link': ['This field cannot be blank.']}
Failed to add ME401 due to  {'course_page_link': ['This field cannot be blank.']}
Failed to add HS2XX due to  {'course_page_link': ['This field cannot be blank.']}
Failed to add EOXXX2 due to  {'course_type': ["Value '5' is not a valid choice."], 'course_page_link': ['This field cannot be blank.']}
Failed to add SOXXX2 due to  {'course_type': ["Value '5' is not a valid choice."], 'course_page_link': ['This field cannot be blank.']}
Failed to add MEXXX4 due to  {'course_page_link': ['This field cannot be blank.']}
Failed to add ME499 due to  {'course_page_link': ['This field cannot be blank.']}
