Failed to add Journal Publication:Discrete transfer method applied to transient radiative transfer problems in participating medium due to  {'pub_vol': ['Ensure this value has at most 10 characters (it has 20).']}
Failed to add Journal Publication:Application of a particle swarm algorithm for parameter retrieval in a transient conduction-radiation problem due to  {'pub_vol': ['Ensure this value has at most 10 characters (it has 20).']}
Failed to add Journal Publication:Numerical analysis of an inverseboundary design problem of a 3-D radiant furnace with a 3-D design object due to  {'pub_vol': ['Ensure this value has at most 10 characters (it has 20).']}
Failed to add Journal Publication:Electro-Mechanical and Thermal Characteristics of Silver-Electroded Ionic Polymer Metal Composite (IPMC) Actuator due to  {'pub_journal': ['Ensure this value has at most 100 characters (it has 105).']}
Failed to add Journal Publication:Vibration analysis of a three-layer MRE embedded sandwich beam with conductive skins using finite element method due to  {'pub_journal': ['Ensure this value has at most 100 characters (it has 104).']}
Failed to add Journal Publication:Groove location for optimum performance of three- and four-lobe bearings using genetic algorithm due to  {'pub_journal': ['Ensure this value has at most 100 characters (it has 109).']}
Failed to add Journal Publication:Optimization of Spherical Roller Bearing Design using Artificial Bee Colony Algorithm and Grid Search Method due to  {'pub_journal': ['Ensure this value has at most 100 characters (it has 120).']}
Failed to add Journal Publication:Durability enhancement of polymer gear using compressed air cooling due to  {'pub_journal': ['Ensure this value has at most 100 characters (it has 108).']}
Failed to add Journal Publication:Probing the Influence of Confinement and Wettability on Droplet Displacement Behavior: A Mesoscale Analysis due to  {'pub_vol': ['Ensure this value has at most 10 characters (it has 16).']}
Failed to add Journal Publication:A new Green-Gauss Reconstruction on Unstructured Meshes. Part I: Gradient Reconstruction due to  {'pub_vol': ['Ensure this value has at most 10 characters (it has 16).']}
Failed to add Journal Publication:A simple technique for estimation of mixed mode (I/II) stress intensity factors due to  {'pub_vol': ['Ensure this value has at most 10 characters (it has 23).']}
Failed to add Journal Publication:Prediction of accurate mixed mode fatigue crack growth curves using the Paris? law due to  {'pub_vol': ['Ensure this value has at most 10 characters (it has 16).']}
Failed to add Journal Publication:Environmental friendly hard machining performance of uncoated and MoS2 coated mechanical micro-textured tungsten carbide cutting tools due to  {'pub_vol': ['Ensure this value has at most 10 characters (it has 24).']}
Failed to add Journal Publication:Tribo-Mechanical, Surface Morphological Comparison of Un-Textured, Mechanical Micro-Textured (M?T) and Coated M?T Cutting Tools during Machining due to  {'pub_vol': ['Ensure this value has at most 10 characters (it has 24).']}
Failed to add Journal Publication:Viscoelastic medium modeling and surface roughness simulation of microholes finished by abrasive flow finishing process due to  {'pub_vol': ['Ensure this value has at most 10 characters (it has 24).']}
Failed to add Journal Publication:Laser Surface Melting of Al-12Si-4Cu-1.2Mn Alloy due to  {'pub_vol': ['Ensure this value has at most 10 characters (it has 24).']}
Failed to add Journal Publication:Limiting thermal characteristics for flow of non-Newtonian fluids between asymmetrically heated parallel plates: An analytical study due to  {'pub_journal': ['Ensure this value has at most 100 characters (it has 105).'], 'pub_vol': ['Ensure this value has at most 10 characters (it has 24).']}
Failed to add Journal Publication:Analysis of the effects of Joule heating and viscous dissipation on combined pressure-driven and electrokinetic flows in a two-parallel plate channel with unequal constant temperatures due to  {'pub_journal': ['Ensure this value has at most 100 characters (it has 105).'], 'pub_vol': ['Ensure this value has at most 10 characters (it has 24).']}
Failed to add Journal Publication:Influence of Welding Traverse Speed in Self-Reacting Friction Stir Welding of Aluminium alloy AA6061-T6 due to  {'pub_vol': ['Ensure this value has at most 10 characters (it has 24).']}
Failed to add Journal Publication:Experimental and Numerical Study on Effect of Weld Reinforcement on Angular Distortion of SAW Square butt Welded Plates due to  {'pub_vol': ['Ensure this value has at most 10 characters (it has 24).']}
Failed to add Journal Publication:Free Vibration of Levy-type Rectangular Laminated Plates using Efficient Zig-Zag Theory due to  {'pub_vol': ['Ensure this value has at most 10 characters (it has 24).']}
Failed to add Journal Publication:Two-Dimensional elasticity solution for arbitrarily supported axially functionally graded due to  {'pub_vol': ['Ensure this value has at most 10 characters (it has 24).']}
Failed to add Journal Publication:Static behavior of arbitrarily supported  composite laminated  cylindrical shell panels: An analytical 3D  elasticity approach due to  {'pub_vol': ['Ensure this value has at most 10 characters (it has 24).']}
Failed to add Journal Publication:Analytical Solution of Functionally Graded  Beam Having Longitudinal Stiffness Variation due to  {'pub_vol': ['Ensure this value has at most 10 characters (it has 24).']}
Failed to add Journal Publication:Analytical Solution for Bending Analysis  of Axially Functionally Graded Angle-Ply Flat Panels due to  {'pub_vol': ['Ensure this value has at most 10 characters (it has 24).']}
Failed to add Journal Publication:Higher-order Hermite enriched contact finite elements for adhesive contact problems, due to  {'pub_vol': ['Ensure this value has at most 10 characters (it has 24).']}
Failed to add Journal Publication:IGA: A simplified introduction and implementation details for finite element users due to  {'pub_vol': ['Ensure this value has at most 10 characters (it has 24).']}
Failed to add Journal Publication:Formation of Al15Mn3Si2 phase during solidification of a novel Al-12%Si-4%Cu-1.2%Mn heat-resistant alloy and its thermal stability due to  {'pub_vol': ['Ensure this value has at most 10 characters (it has 23).']}
Failed to add Journal Publication:Prediction of impulse heat load on thin film gauges through soft computing technique due to  {'pub_issue': ['Ensure this value has at most 20 characters (it has 30).'], 'pub_vol': ['Ensure this value has at most 10 characters (it has 16).']}
Failed to add Journal Publication:Experimental investigation and numerical modelling on the performance assessments of evacuated U?Tube solar collector systems due to  {'pub_issue': ['Ensure this value has at most 20 characters (it has 44).'], 'pub_vol': ['Ensure this value has at most 10 characters (it has 16).']}
Failed to add Journal Publication:Energy, Entransy and Exergy Analyses of a Liquid Desiccant Regenerator due to  {'pub_issue': ['Ensure this value has at most 20 characters (it has 46).'], 'pub_vol': ['Ensure this value has at most 10 characters (it has 16).']}
Failed to add Journal Publication:Thermal modelling and parametric investigations on coupled heat and mass transfer processes occurred in a packed tower due to  {'pub_issue': ['Ensure this value has at most 20 characters (it has 41).'], 'pub_vol': ['Ensure this value has at most 10 characters (it has 16).']}
Failed to add Journal Publication:A Novel Encapsulation Technique for Performance Improvements in Latent Heat Storage System due to  {'pub_vol': ['Ensure this value has at most 10 characters (it has 23).']}
Failed to add Journal Publication:Performance Evaluation of a Mechanical Draft Cross Flow Cooling Towers Employed in a Subtropical Region due to  {'pub_vol': ['Ensure this value has at most 10 characters (it has 25).']}
Failed to add Journal Publication:Laser surface alloying of aluminum for improving acid corrosion resistance due to  {'pub_vol': ['Ensure this value has at most 10 characters (it has 16).']}
Failed to add Journal Publication:Thermo-mechanical analysis of CO2 laser butt welding on AISI 304 steel thin plates due to  {'pub_vol': ['Ensure this value has at most 10 characters (it has 16).']}
Failed to add Journal Publication:Tribo-mechanical, surface morphological comparison of un-textured, mechanical micro-textured (M?T) and coated-M?T cutting tools during machining due to  {'pub_issue': ['Ensure this value has at most 20 characters (it has 29).'], 'pub_vol': ['Ensure this value has at most 10 characters (it has 16).']}
Failed to add Journal Publication:Viscoelastic medium modeling and surface roughness simulation of microholes finished by abrasive flow finishing process due to  {'pub_issue': ['Ensure this value has at most 20 characters (it has 31).'], 'pub_vol': ['Ensure this value has at most 10 characters (it has 16).']}
Failed to add Journal Publication:Experimental investigation of nanosecond-pulsed Nd:YAG laser beam micromachining on 304 stainless steel due to  {'pub_issue': ['Ensure this value has at most 20 characters (it has 29).'], 'pub_vol': ['Ensure this value has at most 10 characters (it has 16).']}
Failed to add Journal Publication:Medium rheological characterization and performance study during rotational abrasive flow finishing (R-AFF) of Al alloy and Al alloy/SiC MMCs due to  {'pub_issue': ['Ensure this value has at most 20 characters (it has 30).'], 'pub_vol': ['Ensure this value has at most 10 characters (it has 16).']}
Failed to add Journal Publication:Laser cladding with HA and functionally graded TiO2-HA precursors on Ti-6Al-4V alloy for enhancing bioactivity and cyto-compatibality due to  {'pub_issue': ['Ensure this value has at most 20 characters (it has 35).'], 'pub_vol': ['Ensure this value has at most 10 characters (it has 16).']}
Failed to add Journal Publication:Magnetic field assisted finishing process for super-finished Ti alloy implant and its 3D surface characterization due to  {'pub_issue': ['Ensure this value has at most 20 characters (it has 45).'], 'pub_vol': ['Ensure this value has at most 10 characters (it has 16).']}
Failed to add Journal Publication:Multi-objective optimization of cutting parameters during sustainable dry hard turning of AISI 52100 steel with newly develop HSN2?coated carbide insert due to  {'pub_issue': ['Ensure this value has at most 20 characters (it has 54).'], 'pub_vol': ['Ensure this value has at most 10 characters (it has 16).']}
Failed to add Journal Publication:Probing the Influence of Confinement and Wettability on Droplet Displacement Behavior: A Mesoscale Analysis due to  {'pub_vol': ['Ensure this value has at most 10 characters (it has 16).']}
Failed to add Journal Publication:A new Green-Gauss Reconstruction on Unstructured Meshes. Part I: Gradient Reconstruction due to  {'pub_vol': ['Ensure this value has at most 10 characters (it has 16).']}
Failed to add Journal Publication:Modeling and Bi-Objective Optimization of Soil Cutting and Pushing Process for Bulldozer and its Blade due to  {'pub_vol': ['Ensure this value has at most 10 characters (it has 26).']}
Failed to add Journal Publication:Evolutionary Bi-Objective Optimization for Bulldozer and its Blade in Soil Cutting due to  {'pub_vol': ['Ensure this value has at most 10 characters (it has 26).']}
Failed to add Journal Publication:A Game Theory based Land Layout Optimization of Cities Using Genetic Algorithm due to  {'pub_vol': ['Ensure this value has at most 10 characters (it has 26).']}
Failed to add Journal Publication:Evolutionary Multi-Objective Optimization for Bulldozer and its Blade in Soil Cutting due to  {'pub_vol': ['Ensure this value has at most 10 characters (it has 26).']}
Failed to add Journal Publication:A point substitution displacement technique for estimation of elastic notch stress intensities of sharp V-notched bodies due to  {'pub_vol': ['Ensure this value has at most 10 characters (it has 23).']}
Failed to add Journal Publication:A strain gage technique for mode I notch stress intensity factor of sharp Vnotched configurations due to  {'pub_vol': ['Ensure this value has at most 10 characters (it has 16).']}
Failed to add Journal Publication:Environmental friendly hard machining performance of uncoated and MoS2 coated mechanical micro-textured tungsten carbide cutting tools due to  {'pub_vol': ['Ensure this value has at most 10 characters (it has 24).']}
Failed to add Journal Publication:Tribo-Mechanical, Surface Morphological Comparison of Un-Textured, Mechanical Micro-Textured (M?T) and Coated M?T Cutting Tools during Machining due to  {'pub_vol': ['Ensure this value has at most 10 characters (it has 24).']}
Failed to add Journal Publication:Viscoelastic medium modeling and surface roughness simulation of microholes finished by abrasive flow finishing process due to  {'pub_vol': ['Ensure this value has at most 10 characters (it has 24).']}
Failed to add Journal Publication:Laser Surface Melting of Al-12Si-4Cu-1.2Mn Alloy due to  {'pub_vol': ['Ensure this value has at most 10 characters (it has 24).']}
Failed to add Journal Publication:Tribo-mechanical, surface morphological comparison of un-textured, mechanical micro-textured (MµT) and coated-MµT cutting tools during machining due to  {'pub_issue': ['Ensure this value has at most 20 characters (it has 29).'], 'pub_vol': ['Ensure this value has at most 10 characters (it has 16).']}
Failed to add Journal Publication:Viscoelastic medium modeling and surface roughness simulation of microholes finished by abrasive flow finishing process due to  {'pub_issue': ['Ensure this value has at most 20 characters (it has 31).'], 'pub_vol': ['Ensure this value has at most 10 characters (it has 16).']}
Failed to add Journal Publication:Experimental investigation of nanosecond-pulsed Nd:YAG laser beam micromachining on 304 stainless steel due to  {'pub_issue': ['Ensure this value has at most 20 characters (it has 29).'], 'pub_vol': ['Ensure this value has at most 10 characters (it has 16).']}
Failed to add Journal Publication:Medium rheological characterization and performance study during rotational abrasive flow finishing (R-AFF) of Al alloy and Al alloy/SiC MMCs due to  {'pub_issue': ['Ensure this value has at most 20 characters (it has 30).'], 'pub_vol': ['Ensure this value has at most 10 characters (it has 16).']}
Failed to add Journal Publication:Laser cladding with HA and functionally graded TiO2-HA precursors on Ti-6Al-4V alloy for enhancing bioactivity and cyto-compatibality due to  {'pub_issue': ['Ensure this value has at most 20 characters (it has 35).'], 'pub_vol': ['Ensure this value has at most 10 characters (it has 16).']}
Failed to add Journal Publication:Magnetic field assisted finishing process for super-finished Ti alloy implant and its 3D surface characterization due to  {'pub_issue': ['Ensure this value has at most 20 characters (it has 45).'], 'pub_vol': ['Ensure this value has at most 10 characters (it has 16).']}
Failed to add Journal Publication:Multi-objective optimization of cutting parameters during sustainable dry hard turning of AISI 52100 steel with newly develop HSN2?coated carbide insert due to  {'pub_issue': ['Ensure this value has at most 20 characters (it has 54).'], 'pub_vol': ['Ensure this value has at most 10 characters (it has 16).']}
Failed to add Journal Publication:An element-free Galerkin method using vertically averaged multiphase flow model for carbon sequestration due to  {'pub_vol': ['Ensure this value has at most 10 characters (it has 16).']}
Failed to add Journal Publication:Prediction of impulse heat load on thin film gauges through soft computing technique due to  {'pub_issue': ['Ensure this value has at most 20 characters (it has 30).'], 'pub_vol': ['Ensure this value has at most 10 characters (it has 16).']}
Failed to add Journal Publication:Experimental investigation and numerical modelling on the performance assessments of evacuated U–Tube solar collector systems due to  {'pub_issue': ['Ensure this value has at most 20 characters (it has 44).'], 'pub_vol': ['Ensure this value has at most 10 characters (it has 16).']}
Failed to add Journal Publication:Energy, Entransy and Exergy Analyses of a Liquid Desiccant Regenerator due to  {'pub_issue': ['Ensure this value has at most 20 characters (it has 46).'], 'pub_vol': ['Ensure this value has at most 10 characters (it has 16).']}
Failed to add Journal Publication:Thermal modelling and parametric investigations on coupled heat and mass transfer processes occurred in a packed tower due to  {'pub_issue': ['Ensure this value has at most 20 characters (it has 41).'], 'pub_vol': ['Ensure this value has at most 10 characters (it has 16).']}
Failed to add Journal Publication:A Novel Encapsulation Technique for Performance Improvements in Latent Heat Storage System due to  {'pub_vol': ['Ensure this value has at most 10 characters (it has 23).']}
Failed to add Journal Publication:Performance Evaluation of a Mechanical Draft Cross Flow Cooling Towers Employed in a Subtropical Region due to  {'pub_vol': ['Ensure this value has at most 10 characters (it has 25).']}
Failed to add Journal Publication:Limiting thermal characteristics for flow of non-Newtonian fluids between asymmetrically heated parallel plates: An analytical study due to  {'pub_journal': ['Ensure this value has at most 100 characters (it has 105).'], 'pub_vol': ['Ensure this value has at most 10 characters (it has 24).']}
Failed to add Journal Publication:Analysis of the effects of Joule heating and viscous dissipation on combined pressure-driven and electrokinetic flows in a two-parallel plate channel with unequal constant temperatures due to  {'pub_journal': ['Ensure this value has at most 100 characters (it has 105).'], 'pub_vol': ['Ensure this value has at most 10 characters (it has 24).']}
Failed to add Journal Publication:Free Vibration of Levy-type Rectangular Laminated Plates using Efficient Zig-Zag Theory due to  {'pub_vol': ['Ensure this value has at most 10 characters (it has 24).']}
Failed to add Journal Publication:Two-Dimensional elasticity solution for arbitrarily supported axially functionally graded due to  {'pub_vol': ['Ensure this value has at most 10 characters (it has 24).']}
Failed to add Journal Publication:Static behavior of arbitrarily supported composite laminated cylindrical shell panels: An analytical 3D elasticity approach due to  {'pub_vol': ['Ensure this value has at most 10 characters (it has 24).']}
Failed to add Journal Publication:Analytical Solution of Functionally Graded Beam Having Longitudinal Stiffness Variation due to  {'pub_vol': ['Ensure this value has at most 10 characters (it has 24).']}
Failed to add Journal Publication:Analytical Solution for Bending Analysis of Axially Functionally Graded Angle-Ply Flat Panels due to  {'pub_vol': ['Ensure this value has at most 10 characters (it has 24).']}
Failed to add Journal Publication:Model Based Identification of Crack and Bearing Dynamic Parameters In Flexible Rotor Systems Supported with an Auxillary Active Magnetic Bearing due to  {'pub_issue': ['Ensure this value has at most 20 characters (it has 52).']}
Failed to add Journal Publication:Automation of Multi-Fault Diagnosing of Centrifugal Pumps using Multi-Class Support Vector Machine with Vibration and Motor-Current Signals in Frequency Domain due to  {'pub_issue': ['Ensure this value has at most 20 characters (it has 41).']}
Failed to add Journal Publication:Application of Active Magnetic Bearings for In-Situ Flexible Rotor Residual Balancing Using a Novel Generalized Influence Coefficient Method due to  {'pub_issue': ['Ensure this value has at most 20 characters (it has 45).'], 'pub_vol': ['Ensure this value has at most 10 characters (it has 16).']}
Failed to add Journal Publication:Identification of Speed-Dependent Active Magnetic Bearing Parameters and Rotor Balancing in High-Speed Rotor Systems due to  {'pub_issue': ['Ensure this value has at most 20 characters (it has 21).'], 'pub_vol': ['Ensure this value has at most 10 characters (it has 16).']}
Failed to add Journal Publication:On-line Time Domain Vibration and Current Signals Based Multi-Fault Diagnosis of Centrifugal Pumps using Support Vector Machines due to  {'pub_issue': ['Ensure this value has at most 20 characters (it has 41).'], 'pub_vol': ['Ensure this value has at most 10 characters (it has 16).']}
Failed to add Journal Publication:Dynamic Analysis of Sandwich Plates with Isotropic Skins and Viscoelastic Core due to  {'pub_vol': ['Ensure this value has at most 10 characters (it has 16).']}
Failed to add Journal Publication:Motor imagery and mental fatigue: inter-relationship and EEG based estimation due to  {'pub_vol': ['Ensure this value has at most 10 characters (it has 12).']}
Failed to add Journal Publication:Higher-order Hermite enriched contact finite elements for adhesive contact problems, due to  {'pub_vol': ['Ensure this value has at most 10 characters (it has 24).']}
Failed to add Journal Publication:IGA: A simplified introduction and implementation details for finite element users due to  {'pub_vol': ['Ensure this value has at most 10 characters (it has 24).']}
Failed to add Journal Publication:A balanced laminate of piezoelectric fiber composite for improved shear piezoelectric actuation of beams due to  {'pub_vol': ['Ensure this value has at most 10 characters (it has 24).']}
Failed to add Journal Publication:Formation of Al15Mn3Si2 phase during solidification of a novel Al-12%Si-4%Cu-1.2%Mn heat-resistant alloy and its thermal stability due to  {'pub_vol': ['Ensure this value has at most 10 characters (it has 23).']}
Failed to add Journal Publication:Laser surface alloying of aluminum for improving acid corrosion resistance due to  {'pub_vol': ['Ensure this value has at most 10 characters (it has 16).']}
Failed to add Journal Publication:Thermo-mechanical analysis of CO2 laser butt welding on AISI 304 steel thin plates due to  {'pub_vol': ['Ensure this value has at most 10 characters (it has 16).']}
Failed to add Journal Publication:Examining the aerodynamic drag and lift characteristics of a newly developed elliptical-bladed Savonius rotor due to  {'pub_vol': ['Ensure this value has at most 10 characters (it has 16).']}
Failed to add Journal Publication:A critique on the research activities and potential benefits of dual fuel diesel engine run on biogas and biofuel-blended biodiesel due to  {'pub_vol': ['Ensure this value has at most 10 characters (it has 16).']}
Failed to add Journal Publication:Discernment of synergism in pyrolysis of biomass blends using thermogravimetric analysis due to  year 0 is out of range
Failed to add Journal Publication:Discrete transfer method applied to transient radiative transfer problems in participating medium due to  {'pub_vol': ['Ensure this value has at most 10 characters (it has 20).']}
Failed to add Journal Publication:Application of a particle swarm algorithm for parameter retrieval in a transient conduction-radiation problem due to  {'pub_vol': ['Ensure this value has at most 10 characters (it has 20).']}
Failed to add Journal Publication:Numerical analysis of an inverseboundary design problem of a 3-D radiant furnace with a 3-D design object due to  {'pub_vol': ['Ensure this value has at most 10 characters (it has 20).']}
Failed to add Journal Publication:Electro-Mechanical and Thermal Characteristics of Silver-Electroded Ionic Polymer Metal Composite (IPMC) Actuator due to  {'pub_journal': ['Ensure this value has at most 100 characters (it has 105).']}
Failed to add Journal Publication:Vibration analysis of a three-layer MRE embedded sandwich beam with conductive skins using finite element method due to  {'pub_journal': ['Ensure this value has at most 100 characters (it has 104).']}
